<?xml version="1.0" encoding="UTF-8"?>
<!-- Generated by org.testng.reporters.JUnitReportReporter -->
<testsuite skipped="0" hostname="MacBook-Pro.local" name="RestApiTest" tests="2" failures="0" timestamp="2021-05-27T13:27:37 EEST" time="8.560" errors="0">
  <testcase name="extractingIntoObjJsonResponseUsingRestAssuredTest" time="0.532" classname="RestApiTest"/>
  <system-out/>
  <testcase name="extractingIntoObjJsonResponseUsingJacksonTest" time="8.028" classname="RestApiTest"/>
  <system-out/>
</testsuite> <!-- RestApiTest -->
