<?xml version="1.0" encoding="UTF-8"?>
<testsuite xmlns:xsi="http://www.w3.org/2001/XMLSchema-instance" xsi:noNamespaceSchemaLocation="https://maven.apache.org/surefire/maven-surefire-plugin/xsd/surefire-test-report.xsd" name="RestApiTest" time="9.37" tests="2" errors="0" skipped="0" failures="0">
  <properties>
    <property name="gopherProxySet" value="false"/>
    <property name="awt.toolkit" value="sun.lwawt.macosx.LWCToolkit"/>
    <property name="file.encoding.pkg" value="sun.io"/>
    <property name="java.specification.version" value="1.8"/>
    <property name="sun.cpu.isalist" value=""/>
    <property name="sun.jnu.encoding" value="UTF-8"/>
    <property name="java.class.path" value="/Users/andriishershnov/Downloads/RestAssuredLombokAllure/target/test-classes:/Users/andriishershnov/Downloads/RestAssuredLombokAllure/target/classes:/Users/andriishershnov/.m2/repository/io/qameta/allure/allure-maven/2.8/allure-maven-2.8.jar:/Users/andriishershnov/.m2/repository/org/slf4j/slf4j-api/1.7.25/slf4j-api-1.7.25.jar:/Users/andriishershnov/.m2/repository/org/apache/httpcomponents/httpclient/4.5.3/httpclient-4.5.3.jar:/Users/andriishershnov/.m2/repository/org/apache/httpcomponents/httpcore/4.4.6/httpcore-4.4.6.jar:/Users/andriishershnov/.m2/repository/commons-logging/commons-logging/1.2/commons-logging-1.2.jar:/Users/andriishershnov/.m2/repository/commons-codec/commons-codec/1.9/commons-codec-1.9.jar:/Users/andriishershnov/.m2/repository/org/apache/maven/maven-core/3.3.9/maven-core-3.3.9.jar:/Users/andriishershnov/.m2/repository/org/apache/maven/maven-model/3.3.9/maven-model-3.3.9.jar:/Users/andriishershnov/.m2/repository/org/apache/maven/maven-settings/3.3.9/maven-settings-3.3.9.jar:/Users/andriishershnov/.m2/repository/org/apache/maven/maven-settings-builder/3.3.9/maven-settings-builder-3.3.9.jar:/Users/andriishershnov/.m2/repository/org/apache/maven/maven-builder-support/3.3.9/maven-builder-support-3.3.9.jar:/Users/andriishershnov/.m2/repository/org/apache/maven/maven-repository-metadata/3.3.9/maven-repository-metadata-3.3.9.jar:/Users/andriishershnov/.m2/repository/org/apache/maven/maven-artifact/3.3.9/maven-artifact-3.3.9.jar:/Users/andriishershnov/.m2/repository/org/apache/maven/maven-plugin-api/3.3.9/maven-plugin-api-3.3.9.jar:/Users/andriishershnov/.m2/repository/org/apache/maven/maven-model-builder/3.3.9/maven-model-builder-3.3.9.jar:/Users/andriishershnov/.m2/repository/com/google/guava/guava/18.0/guava-18.0.jar:/Users/andriishershnov/.m2/repository/org/apache/maven/maven-aether-provider/3.3.9/maven-aether-provider-3.3.9.jar:/Users/andriishershnov/.m2/repository/org/eclipse/aether/aether-spi/1.0.2.v20150114/aether-spi-1.0.2.v20150114.jar:/Users/andriishershnov/.m2/repository/org/eclipse/aether/aether-impl/1.0.2.v20150114/aether-impl-1.0.2.v20150114.jar:/Users/andriishershnov/.m2/repository/org/eclipse/aether/aether-api/1.0.2.v20150114/aether-api-1.0.2.v20150114.jar:/Users/andriishershnov/.m2/repository/org/eclipse/aether/aether-util/1.0.2.v20150114/aether-util-1.0.2.v20150114.jar:/Users/andriishershnov/.m2/repository/org/eclipse/sisu/org.eclipse.sisu.plexus/0.3.2/org.eclipse.sisu.plexus-0.3.2.jar:/Users/andriishershnov/.m2/repository/javax/enterprise/cdi-api/1.0/cdi-api-1.0.jar:/Users/andriishershnov/.m2/repository/javax/annotation/jsr250-api/1.0/jsr250-api-1.0.jar:/Users/andriishershnov/.m2/repository/org/eclipse/sisu/org.eclipse.sisu.inject/0.3.2/org.eclipse.sisu.inject-0.3.2.jar:/Users/andriishershnov/.m2/repository/com/google/inject/guice/4.0/guice-4.0-no_aop.jar:/Users/andriishershnov/.m2/repository/javax/inject/javax.inject/1/javax.inject-1.jar:/Users/andriishershnov/.m2/repository/aopalliance/aopalliance/1.0/aopalliance-1.0.jar:/Users/andriishershnov/.m2/repository/org/codehaus/plexus/plexus-interpolation/1.21/plexus-interpolation-1.21.jar:/Users/andriishershnov/.m2/repository/org/codehaus/plexus/plexus-utils/3.0.22/plexus-utils-3.0.22.jar:/Users/andriishershnov/.m2/repository/org/codehaus/plexus/plexus-classworlds/2.5.2/plexus-classworlds-2.5.2.jar:/Users/andriishershnov/.m2/repository/org/codehaus/plexus/plexus-component-annotations/1.6/plexus-component-annotations-1.6.jar:/Users/andriishershnov/.m2/repository/org/sonatype/plexus/plexus-sec-dispatcher/1.3/plexus-sec-dispatcher-1.3.jar:/Users/andriishershnov/.m2/repository/org/sonatype/plexus/plexus-cipher/1.4/plexus-cipher-1.4.jar:/Users/andriishershnov/.m2/repository/org/apache/commons/commons-lang3/3.4/commons-lang3-3.4.jar:/Users/andriishershnov/.m2/repository/org/apache/maven/reporting/maven-reporting-impl/2.4/maven-reporting-impl-2.4.jar:/Users/andriishershnov/.m2/repository/org/apache/maven/reporting/maven-reporting-api/3.0/maven-reporting-api-3.0.jar:/Users/andriishershnov/.m2/repository/org/apache/maven/maven-project/2.2.1/maven-project-2.2.1.jar:/Users/andriishershnov/.m2/repository/org/apache/maven/maven-profile/2.2.1/maven-profile-2.2.1.jar:/Users/andriishershnov/.m2/repository/org/apache/maven/maven-artifact-manager/2.2.1/maven-artifact-manager-2.2.1.jar:/Users/andriishershnov/.m2/repository/backport-util-concurrent/backport-util-concurrent/3.1/backport-util-concurrent-3.1.jar:/Users/andriishershnov/.m2/repository/org/apache/maven/maven-plugin-registry/2.2.1/maven-plugin-registry-2.2.1.jar:/Users/andriishershnov/.m2/repository/org/codehaus/plexus/plexus-container-default/1.0-alpha-9-stable-1/plexus-container-default-1.0-alpha-9-stable-1.jar:/Users/andriishershnov/.m2/repository/junit/junit/3.8.1/junit-3.8.1.jar:/Users/andriishershnov/.m2/repository/classworlds/classworlds/1.1-alpha-2/classworlds-1.1-alpha-2.jar:/Users/andriishershnov/.m2/repository/org/apache/maven/shared/maven-shared-utils/0.6/maven-shared-utils-0.6.jar:/Users/andriishershnov/.m2/repository/com/google/code/findbugs/jsr305/2.0.1/jsr305-2.0.1.jar:/Users/andriishershnov/.m2/repository/org/apache/maven/doxia/doxia-sink-api/1.6/doxia-sink-api-1.6.jar:/Users/andriishershnov/.m2/repository/org/apache/maven/doxia/doxia-logging-api/1.6/doxia-logging-api-1.6.jar:/Users/andriishershnov/.m2/repository/org/apache/maven/doxia/doxia-core/1.6/doxia-core-1.6.jar:/Users/andriishershnov/.m2/repository/xerces/xercesImpl/2.9.1/xercesImpl-2.9.1.jar:/Users/andriishershnov/.m2/repository/commons-lang/commons-lang/2.4/commons-lang-2.4.jar:/Users/andriishershnov/.m2/repository/xmlunit/xmlunit/1.5/xmlunit-1.5.jar:/Users/andriishershnov/.m2/repository/org/apache/maven/doxia/doxia-site-renderer/1.6/doxia-site-renderer-1.6.jar:/Users/andriishershnov/.m2/repository/org/apache/maven/doxia/doxia-decoration-model/1.6/doxia-decoration-model-1.6.jar:/Users/andriishershnov/.m2/repository/org/apache/maven/doxia/doxia-module-xhtml/1.6/doxia-module-xhtml-1.6.jar:/Users/andriishershnov/.m2/repository/org/apache/maven/doxia/doxia-module-fml/1.6/doxia-module-fml-1.6.jar:/Users/andriishershnov/.m2/repository/org/codehaus/plexus/plexus-i18n/1.0-beta-7/plexus-i18n-1.0-beta-7.jar:/Users/andriishershnov/.m2/repository/org/codehaus/plexus/plexus-velocity/1.1.7/plexus-velocity-1.1.7.jar:/Users/andriishershnov/.m2/repository/org/apache/velocity/velocity-tools/2.0/velocity-tools-2.0.jar:/Users/andriishershnov/.m2/repository/commons-chain/commons-chain/1.1/commons-chain-1.1.jar:/Users/andriishershnov/.m2/repository/dom4j/dom4j/1.1/dom4j-1.1.jar:/Users/andriishershnov/.m2/repository/sslext/sslext/1.2-0/sslext-1.2-0.jar:/Users/andriishershnov/.m2/repository/org/apache/struts/struts-core/1.3.8/struts-core-1.3.8.jar:/Users/andriishershnov/.m2/repository/antlr/antlr/2.7.2/antlr-2.7.2.jar:/Users/andriishershnov/.m2/repository/org/apache/struts/struts-taglib/1.3.8/struts-taglib-1.3.8.jar:/Users/andriishershnov/.m2/repository/org/apache/struts/struts-tiles/1.3.8/struts-tiles-1.3.8.jar:/Users/andriishershnov/.m2/repository/commons-validator/commons-validator/1.4.1/commons-validator-1.4.1.jar:/Users/andriishershnov/.m2/repository/commons-digester/commons-digester/1.8.1/commons-digester-1.8.1.jar:/Users/andriishershnov/.m2/repository/commons-beanutils/commons-beanutils/1.9.3/commons-beanutils-1.9.3.jar:/Users/andriishershnov/.m2/repository/commons-collections/commons-collections/3.2.2/commons-collections-3.2.2.jar:/Users/andriishershnov/.m2/repository/net/lingala/zip4j/zip4j/1.3.2/zip4j-1.3.2.jar:/Users/andriishershnov/.m2/repository/org/apache/commons/commons-exec/1.3/commons-exec-1.3.jar:/Users/andriishershnov/.m2/repository/org/apache/maven/plugin-tools/maven-plugin-annotations/3.2/maven-plugin-annotations-3.2.jar:/Users/andriishershnov/.m2/repository/org/apache/maven/plugins/maven-jxr-plugin/2.5/maven-jxr-plugin-2.5.jar:/Users/andriishershnov/.m2/repository/org/apache/velocity/velocity/1.5/velocity-1.5.jar:/Users/andriishershnov/.m2/repository/oro/oro/2.0.8/oro-2.0.8.jar:/Users/andriishershnov/.m2/repository/org/apache/maven/maven-jxr/2.5/maven-jxr-2.5.jar:/Users/andriishershnov/.m2/repository/commons-io/commons-io/2.0.1/commons-io-2.0.1.jar:/Users/andriishershnov/.m2/repository/org/apache/maven/wagon/wagon-provider-api/1.0/wagon-provider-api-1.0.jar:/Users/andriishershnov/.m2/repository/xml-apis/xml-apis/1.0.b2/xml-apis-1.0.b2.jar:/Users/andriishershnov/.m2/repository/xalan/xalan/2.7.0/xalan-2.7.0.jar:/Users/andriishershnov/.m2/repository/org/projectlombok/lombok/1.18.20/lombok-1.18.20.jar:/Users/andriishershnov/.m2/repository/io/rest-assured/rest-assured/4.3.3/rest-assured-4.3.3.jar:/Users/andriishershnov/.m2/repository/org/codehaus/groovy/groovy/3.0.7/groovy-3.0.7.jar:/Users/andriishershnov/.m2/repository/org/codehaus/groovy/groovy-xml/3.0.7/groovy-xml-3.0.7.jar:/Users/andriishershnov/.m2/repository/org/apache/httpcomponents/httpmime/4.5.3/httpmime-4.5.3.jar:/Users/andriishershnov/.m2/repository/org/hamcrest/hamcrest/2.1/hamcrest-2.1.jar:/Users/andriishershnov/.m2/repository/org/ccil/cowan/tagsoup/tagsoup/1.2.1/tagsoup-1.2.1.jar:/Users/andriishershnov/.m2/repository/io/rest-assured/json-path/4.3.3/json-path-4.3.3.jar:/Users/andriishershnov/.m2/repository/org/codehaus/groovy/groovy-json/3.0.7/groovy-json-3.0.7.jar:/Users/andriishershnov/.m2/repository/io/rest-assured/rest-assured-common/4.3.3/rest-assured-common-4.3.3.jar:/Users/andriishershnov/.m2/repository/io/rest-assured/xml-path/4.3.3/xml-path-4.3.3.jar:/Users/andriishershnov/.m2/repository/jakarta/xml/bind/jakarta.xml.bind-api/2.3.3/jakarta.xml.bind-api-2.3.3.jar:/Users/andriishershnov/.m2/repository/jakarta/activation/jakarta.activation-api/1.2.2/jakarta.activation-api-1.2.2.jar:/Users/andriishershnov/.m2/repository/com/sun/xml/bind/jaxb-impl/2.3.3/jaxb-impl-2.3.3.jar:/Users/andriishershnov/.m2/repository/org/testng/testng/7.4.0/testng-7.4.0.jar:/Users/andriishershnov/.m2/repository/com/beust/jcommander/1.78/jcommander-1.78.jar:/Users/andriishershnov/.m2/repository/org/webjars/jquery/3.5.1/jquery-3.5.1.jar:/Users/andriishershnov/.m2/repository/com/fasterxml/jackson/core/jackson-databind/2.12.3/jackson-databind-2.12.3.jar:/Users/andriishershnov/.m2/repository/com/fasterxml/jackson/core/jackson-annotations/2.12.3/jackson-annotations-2.12.3.jar:/Users/andriishershnov/.m2/repository/com/fasterxml/jackson/core/jackson-core/2.12.3/jackson-core-2.12.3.jar:/Users/andriishershnov/.m2/repository/ru/yandex/qatools/allure/allure-testng-adaptor/1.5.4/allure-testng-adaptor-1.5.4.jar:/Users/andriishershnov/.m2/repository/ru/yandex/qatools/allure/allure-java-aspects/1.5.4/allure-java-aspects-1.5.4.jar:/Users/andriishershnov/.m2/repository/ru/yandex/qatools/allure/allure-java-adaptor-api/1.5.4/allure-java-adaptor-api-1.5.4.jar:/Users/andriishershnov/.m2/repository/ru/yandex/qatools/allure/allure-java-annotations/1.5.4/allure-java-annotations-1.5.4.jar:/Users/andriishershnov/.m2/repository/ru/yandex/qatools/allure/allure-model/1.5.4/allure-model-1.5.4.jar:/Users/andriishershnov/.m2/repository/org/jvnet/jaxb2_commons/jaxb2-basics-runtime/0.9.3/jaxb2-basics-runtime-0.9.3.jar:/Users/andriishershnov/.m2/repository/ru/qatools/commons/properties/2.0.RC5/properties-2.0.RC5.jar:/Users/andriishershnov/.m2/repository/org/apache/tika/tika-core/1.7/tika-core-1.7.jar:/Users/andriishershnov/.m2/repository/org/aspectj/aspectjrt/1.8.3/aspectjrt-1.8.3.jar:"/>
    <property name="java.vm.vendor" value="Oracle Corporation"/>
    <property name="sun.arch.data.model" value="64"/>
    <property name="java.vendor.url" value="http://java.oracle.com/"/>
    <property name="user.timezone" value=""/>
    <property name="java.vm.specification.version" value="1.8"/>
    <property name="os.name" value="Mac OS X"/>
    <property name="user.country" value="UA"/>
    <property name="sun.java.launcher" value="SUN_STANDARD"/>
    <property name="sun.boot.library.path" value="/Library/Java/JavaVirtualMachines/jdk1.8.0_211.jdk/Contents/Home/jre/lib"/>
    <property name="sun.java.command" value="/Users/andriishershnov/Downloads/RestAssuredLombokAllure/target/surefire/surefirebooter6491378939344957413.jar /Users/andriishershnov/Downloads/RestAssuredLombokAllure/target/surefire 2021-05-27T13-27-27_496-jvmRun1 surefire4873437522242595325tmp surefire_03840158733186824793tmp"/>
    <property name="http.nonProxyHosts" value="local|*.local|169.254/16|*.169.254/16"/>
    <property name="surefire.test.class.path" value="/Users/andriishershnov/Downloads/RestAssuredLombokAllure/target/test-classes:/Users/andriishershnov/Downloads/RestAssuredLombokAllure/target/classes:/Users/andriishershnov/.m2/repository/io/qameta/allure/allure-maven/2.8/allure-maven-2.8.jar:/Users/andriishershnov/.m2/repository/org/slf4j/slf4j-api/1.7.25/slf4j-api-1.7.25.jar:/Users/andriishershnov/.m2/repository/org/apache/httpcomponents/httpclient/4.5.3/httpclient-4.5.3.jar:/Users/andriishershnov/.m2/repository/org/apache/httpcomponents/httpcore/4.4.6/httpcore-4.4.6.jar:/Users/andriishershnov/.m2/repository/commons-logging/commons-logging/1.2/commons-logging-1.2.jar:/Users/andriishershnov/.m2/repository/commons-codec/commons-codec/1.9/commons-codec-1.9.jar:/Users/andriishershnov/.m2/repository/org/apache/maven/maven-core/3.3.9/maven-core-3.3.9.jar:/Users/andriishershnov/.m2/repository/org/apache/maven/maven-model/3.3.9/maven-model-3.3.9.jar:/Users/andriishershnov/.m2/repository/org/apache/maven/maven-settings/3.3.9/maven-settings-3.3.9.jar:/Users/andriishershnov/.m2/repository/org/apache/maven/maven-settings-builder/3.3.9/maven-settings-builder-3.3.9.jar:/Users/andriishershnov/.m2/repository/org/apache/maven/maven-builder-support/3.3.9/maven-builder-support-3.3.9.jar:/Users/andriishershnov/.m2/repository/org/apache/maven/maven-repository-metadata/3.3.9/maven-repository-metadata-3.3.9.jar:/Users/andriishershnov/.m2/repository/org/apache/maven/maven-artifact/3.3.9/maven-artifact-3.3.9.jar:/Users/andriishershnov/.m2/repository/org/apache/maven/maven-plugin-api/3.3.9/maven-plugin-api-3.3.9.jar:/Users/andriishershnov/.m2/repository/org/apache/maven/maven-model-builder/3.3.9/maven-model-builder-3.3.9.jar:/Users/andriishershnov/.m2/repository/com/google/guava/guava/18.0/guava-18.0.jar:/Users/andriishershnov/.m2/repository/org/apache/maven/maven-aether-provider/3.3.9/maven-aether-provider-3.3.9.jar:/Users/andriishershnov/.m2/repository/org/eclipse/aether/aether-spi/1.0.2.v20150114/aether-spi-1.0.2.v20150114.jar:/Users/andriishershnov/.m2/repository/org/eclipse/aether/aether-impl/1.0.2.v20150114/aether-impl-1.0.2.v20150114.jar:/Users/andriishershnov/.m2/repository/org/eclipse/aether/aether-api/1.0.2.v20150114/aether-api-1.0.2.v20150114.jar:/Users/andriishershnov/.m2/repository/org/eclipse/aether/aether-util/1.0.2.v20150114/aether-util-1.0.2.v20150114.jar:/Users/andriishershnov/.m2/repository/org/eclipse/sisu/org.eclipse.sisu.plexus/0.3.2/org.eclipse.sisu.plexus-0.3.2.jar:/Users/andriishershnov/.m2/repository/javax/enterprise/cdi-api/1.0/cdi-api-1.0.jar:/Users/andriishershnov/.m2/repository/javax/annotation/jsr250-api/1.0/jsr250-api-1.0.jar:/Users/andriishershnov/.m2/repository/org/eclipse/sisu/org.eclipse.sisu.inject/0.3.2/org.eclipse.sisu.inject-0.3.2.jar:/Users/andriishershnov/.m2/repository/com/google/inject/guice/4.0/guice-4.0-no_aop.jar:/Users/andriishershnov/.m2/repository/javax/inject/javax.inject/1/javax.inject-1.jar:/Users/andriishershnov/.m2/repository/aopalliance/aopalliance/1.0/aopalliance-1.0.jar:/Users/andriishershnov/.m2/repository/org/codehaus/plexus/plexus-interpolation/1.21/plexus-interpolation-1.21.jar:/Users/andriishershnov/.m2/repository/org/codehaus/plexus/plexus-utils/3.0.22/plexus-utils-3.0.22.jar:/Users/andriishershnov/.m2/repository/org/codehaus/plexus/plexus-classworlds/2.5.2/plexus-classworlds-2.5.2.jar:/Users/andriishershnov/.m2/repository/org/codehaus/plexus/plexus-component-annotations/1.6/plexus-component-annotations-1.6.jar:/Users/andriishershnov/.m2/repository/org/sonatype/plexus/plexus-sec-dispatcher/1.3/plexus-sec-dispatcher-1.3.jar:/Users/andriishershnov/.m2/repository/org/sonatype/plexus/plexus-cipher/1.4/plexus-cipher-1.4.jar:/Users/andriishershnov/.m2/repository/org/apache/commons/commons-lang3/3.4/commons-lang3-3.4.jar:/Users/andriishershnov/.m2/repository/org/apache/maven/reporting/maven-reporting-impl/2.4/maven-reporting-impl-2.4.jar:/Users/andriishershnov/.m2/repository/org/apache/maven/reporting/maven-reporting-api/3.0/maven-reporting-api-3.0.jar:/Users/andriishershnov/.m2/repository/org/apache/maven/maven-project/2.2.1/maven-project-2.2.1.jar:/Users/andriishershnov/.m2/repository/org/apache/maven/maven-profile/2.2.1/maven-profile-2.2.1.jar:/Users/andriishershnov/.m2/repository/org/apache/maven/maven-artifact-manager/2.2.1/maven-artifact-manager-2.2.1.jar:/Users/andriishershnov/.m2/repository/backport-util-concurrent/backport-util-concurrent/3.1/backport-util-concurrent-3.1.jar:/Users/andriishershnov/.m2/repository/org/apache/maven/maven-plugin-registry/2.2.1/maven-plugin-registry-2.2.1.jar:/Users/andriishershnov/.m2/repository/org/codehaus/plexus/plexus-container-default/1.0-alpha-9-stable-1/plexus-container-default-1.0-alpha-9-stable-1.jar:/Users/andriishershnov/.m2/repository/junit/junit/3.8.1/junit-3.8.1.jar:/Users/andriishershnov/.m2/repository/classworlds/classworlds/1.1-alpha-2/classworlds-1.1-alpha-2.jar:/Users/andriishershnov/.m2/repository/org/apache/maven/shared/maven-shared-utils/0.6/maven-shared-utils-0.6.jar:/Users/andriishershnov/.m2/repository/com/google/code/findbugs/jsr305/2.0.1/jsr305-2.0.1.jar:/Users/andriishershnov/.m2/repository/org/apache/maven/doxia/doxia-sink-api/1.6/doxia-sink-api-1.6.jar:/Users/andriishershnov/.m2/repository/org/apache/maven/doxia/doxia-logging-api/1.6/doxia-logging-api-1.6.jar:/Users/andriishershnov/.m2/repository/org/apache/maven/doxia/doxia-core/1.6/doxia-core-1.6.jar:/Users/andriishershnov/.m2/repository/xerces/xercesImpl/2.9.1/xercesImpl-2.9.1.jar:/Users/andriishershnov/.m2/repository/commons-lang/commons-lang/2.4/commons-lang-2.4.jar:/Users/andriishershnov/.m2/repository/xmlunit/xmlunit/1.5/xmlunit-1.5.jar:/Users/andriishershnov/.m2/repository/org/apache/maven/doxia/doxia-site-renderer/1.6/doxia-site-renderer-1.6.jar:/Users/andriishershnov/.m2/repository/org/apache/maven/doxia/doxia-decoration-model/1.6/doxia-decoration-model-1.6.jar:/Users/andriishershnov/.m2/repository/org/apache/maven/doxia/doxia-module-xhtml/1.6/doxia-module-xhtml-1.6.jar:/Users/andriishershnov/.m2/repository/org/apache/maven/doxia/doxia-module-fml/1.6/doxia-module-fml-1.6.jar:/Users/andriishershnov/.m2/repository/org/codehaus/plexus/plexus-i18n/1.0-beta-7/plexus-i18n-1.0-beta-7.jar:/Users/andriishershnov/.m2/repository/org/codehaus/plexus/plexus-velocity/1.1.7/plexus-velocity-1.1.7.jar:/Users/andriishershnov/.m2/repository/org/apache/velocity/velocity-tools/2.0/velocity-tools-2.0.jar:/Users/andriishershnov/.m2/repository/commons-chain/commons-chain/1.1/commons-chain-1.1.jar:/Users/andriishershnov/.m2/repository/dom4j/dom4j/1.1/dom4j-1.1.jar:/Users/andriishershnov/.m2/repository/sslext/sslext/1.2-0/sslext-1.2-0.jar:/Users/andriishershnov/.m2/repository/org/apache/struts/struts-core/1.3.8/struts-core-1.3.8.jar:/Users/andriishershnov/.m2/repository/antlr/antlr/2.7.2/antlr-2.7.2.jar:/Users/andriishershnov/.m2/repository/org/apache/struts/struts-taglib/1.3.8/struts-taglib-1.3.8.jar:/Users/andriishershnov/.m2/repository/org/apache/struts/struts-tiles/1.3.8/struts-tiles-1.3.8.jar:/Users/andriishershnov/.m2/repository/commons-validator/commons-validator/1.4.1/commons-validator-1.4.1.jar:/Users/andriishershnov/.m2/repository/commons-digester/commons-digester/1.8.1/commons-digester-1.8.1.jar:/Users/andriishershnov/.m2/repository/commons-beanutils/commons-beanutils/1.9.3/commons-beanutils-1.9.3.jar:/Users/andriishershnov/.m2/repository/commons-collections/commons-collections/3.2.2/commons-collections-3.2.2.jar:/Users/andriishershnov/.m2/repository/net/lingala/zip4j/zip4j/1.3.2/zip4j-1.3.2.jar:/Users/andriishershnov/.m2/repository/org/apache/commons/commons-exec/1.3/commons-exec-1.3.jar:/Users/andriishershnov/.m2/repository/org/apache/maven/plugin-tools/maven-plugin-annotations/3.2/maven-plugin-annotations-3.2.jar:/Users/andriishershnov/.m2/repository/org/apache/maven/plugins/maven-jxr-plugin/2.5/maven-jxr-plugin-2.5.jar:/Users/andriishershnov/.m2/repository/org/apache/velocity/velocity/1.5/velocity-1.5.jar:/Users/andriishershnov/.m2/repository/oro/oro/2.0.8/oro-2.0.8.jar:/Users/andriishershnov/.m2/repository/org/apache/maven/maven-jxr/2.5/maven-jxr-2.5.jar:/Users/andriishershnov/.m2/repository/commons-io/commons-io/2.0.1/commons-io-2.0.1.jar:/Users/andriishershnov/.m2/repository/org/apache/maven/wagon/wagon-provider-api/1.0/wagon-provider-api-1.0.jar:/Users/andriishershnov/.m2/repository/xml-apis/xml-apis/1.0.b2/xml-apis-1.0.b2.jar:/Users/andriishershnov/.m2/repository/xalan/xalan/2.7.0/xalan-2.7.0.jar:/Users/andriishershnov/.m2/repository/org/projectlombok/lombok/1.18.20/lombok-1.18.20.jar:/Users/andriishershnov/.m2/repository/io/rest-assured/rest-assured/4.3.3/rest-assured-4.3.3.jar:/Users/andriishershnov/.m2/repository/org/codehaus/groovy/groovy/3.0.7/groovy-3.0.7.jar:/Users/andriishershnov/.m2/repository/org/codehaus/groovy/groovy-xml/3.0.7/groovy-xml-3.0.7.jar:/Users/andriishershnov/.m2/repository/org/apache/httpcomponents/httpmime/4.5.3/httpmime-4.5.3.jar:/Users/andriishershnov/.m2/repository/org/hamcrest/hamcrest/2.1/hamcrest-2.1.jar:/Users/andriishershnov/.m2/repository/org/ccil/cowan/tagsoup/tagsoup/1.2.1/tagsoup-1.2.1.jar:/Users/andriishershnov/.m2/repository/io/rest-assured/json-path/4.3.3/json-path-4.3.3.jar:/Users/andriishershnov/.m2/repository/org/codehaus/groovy/groovy-json/3.0.7/groovy-json-3.0.7.jar:/Users/andriishershnov/.m2/repository/io/rest-assured/rest-assured-common/4.3.3/rest-assured-common-4.3.3.jar:/Users/andriishershnov/.m2/repository/io/rest-assured/xml-path/4.3.3/xml-path-4.3.3.jar:/Users/andriishershnov/.m2/repository/jakarta/xml/bind/jakarta.xml.bind-api/2.3.3/jakarta.xml.bind-api-2.3.3.jar:/Users/andriishershnov/.m2/repository/jakarta/activation/jakarta.activation-api/1.2.2/jakarta.activation-api-1.2.2.jar:/Users/andriishershnov/.m2/repository/com/sun/xml/bind/jaxb-impl/2.3.3/jaxb-impl-2.3.3.jar:/Users/andriishershnov/.m2/repository/org/testng/testng/7.4.0/testng-7.4.0.jar:/Users/andriishershnov/.m2/repository/com/beust/jcommander/1.78/jcommander-1.78.jar:/Users/andriishershnov/.m2/repository/org/webjars/jquery/3.5.1/jquery-3.5.1.jar:/Users/andriishershnov/.m2/repository/com/fasterxml/jackson/core/jackson-databind/2.12.3/jackson-databind-2.12.3.jar:/Users/andriishershnov/.m2/repository/com/fasterxml/jackson/core/jackson-annotations/2.12.3/jackson-annotations-2.12.3.jar:/Users/andriishershnov/.m2/repository/com/fasterxml/jackson/core/jackson-core/2.12.3/jackson-core-2.12.3.jar:/Users/andriishershnov/.m2/repository/ru/yandex/qatools/allure/allure-testng-adaptor/1.5.4/allure-testng-adaptor-1.5.4.jar:/Users/andriishershnov/.m2/repository/ru/yandex/qatools/allure/allure-java-aspects/1.5.4/allure-java-aspects-1.5.4.jar:/Users/andriishershnov/.m2/repository/ru/yandex/qatools/allure/allure-java-adaptor-api/1.5.4/allure-java-adaptor-api-1.5.4.jar:/Users/andriishershnov/.m2/repository/ru/yandex/qatools/allure/allure-java-annotations/1.5.4/allure-java-annotations-1.5.4.jar:/Users/andriishershnov/.m2/repository/ru/yandex/qatools/allure/allure-model/1.5.4/allure-model-1.5.4.jar:/Users/andriishershnov/.m2/repository/org/jvnet/jaxb2_commons/jaxb2-basics-runtime/0.9.3/jaxb2-basics-runtime-0.9.3.jar:/Users/andriishershnov/.m2/repository/ru/qatools/commons/properties/2.0.RC5/properties-2.0.RC5.jar:/Users/andriishershnov/.m2/repository/org/apache/tika/tika-core/1.7/tika-core-1.7.jar:/Users/andriishershnov/.m2/repository/org/aspectj/aspectjrt/1.8.3/aspectjrt-1.8.3.jar:"/>
    <property name="sun.cpu.endian" value="little"/>
    <property name="user.home" value="/Users/andriishershnov"/>
    <property name="user.language" value="en"/>
    <property name="java.specification.vendor" value="Oracle Corporation"/>
    <property name="java.home" value="/Library/Java/JavaVirtualMachines/jdk1.8.0_211.jdk/Contents/Home/jre"/>
    <property name="basedir" value="/Users/andriishershnov/Downloads/RestAssuredLombokAllure"/>
    <property name="file.separator" value="/"/>
    <property name="line.separator" value="&#10;"/>
    <property name="java.vm.specification.vendor" value="Oracle Corporation"/>
    <property name="java.specification.name" value="Java Platform API Specification"/>
    <property name="java.awt.graphicsenv" value="sun.awt.CGraphicsEnvironment"/>
    <property name="surefire.real.class.path" value="/Users/andriishershnov/Downloads/RestAssuredLombokAllure/target/surefire/surefirebooter6491378939344957413.jar:/Users/andriishershnov/.m2/repository/org/aspectj/aspectjweaver/1.9.5/aspectjweaver-1.9.5.jar"/>
    <property name="sun.boot.class.path" value="/Library/Java/JavaVirtualMachines/jdk1.8.0_211.jdk/Contents/Home/jre/lib/resources.jar:/Library/Java/JavaVirtualMachines/jdk1.8.0_211.jdk/Contents/Home/jre/lib/rt.jar:/Library/Java/JavaVirtualMachines/jdk1.8.0_211.jdk/Contents/Home/jre/lib/sunrsasign.jar:/Library/Java/JavaVirtualMachines/jdk1.8.0_211.jdk/Contents/Home/jre/lib/jsse.jar:/Library/Java/JavaVirtualMachines/jdk1.8.0_211.jdk/Contents/Home/jre/lib/jce.jar:/Library/Java/JavaVirtualMachines/jdk1.8.0_211.jdk/Contents/Home/jre/lib/charsets.jar:/Library/Java/JavaVirtualMachines/jdk1.8.0_211.jdk/Contents/Home/jre/lib/jfr.jar:/Library/Java/JavaVirtualMachines/jdk1.8.0_211.jdk/Contents/Home/jre/classes"/>
    <property name="sun.management.compiler" value="HotSpot 64-Bit Tiered Compilers"/>
    <property name="ftp.nonProxyHosts" value="local|*.local|169.254/16|*.169.254/16"/>
    <property name="java.runtime.version" value="1.8.0_211-b12"/>
    <property name="user.name" value="andriishershnov"/>
    <property name="path.separator" value=":"/>
    <property name="os.version" value="10.16"/>
    <property name="java.endorsed.dirs" value="/Library/Java/JavaVirtualMachines/jdk1.8.0_211.jdk/Contents/Home/jre/lib/endorsed"/>
    <property name="java.runtime.name" value="Java(TM) SE Runtime Environment"/>
    <property name="file.encoding" value="UTF-8"/>
    <property name="java.vm.name" value="Java HotSpot(TM) 64-Bit Server VM"/>
    <property name="localRepository" value="/Users/andriishershnov/.m2/repository"/>
    <property name="java.vendor.url.bug" value="http://bugreport.sun.com/bugreport/"/>
    <property name="java.io.tmpdir" value="/var/folders/z1/dwqknvms5lq5dzptpy7f75mw0000gn/T/"/>
    <property name="idea.version" value="2020.3.1"/>
    <property name="java.version" value="1.8.0_211"/>
    <property name="user.dir" value="/Users/andriishershnov/Downloads/RestAssuredLombokAllure"/>
    <property name="os.arch" value="x86_64"/>
    <property name="java.vm.specification.name" value="Java Virtual Machine Specification"/>
    <property name="java.awt.printerjob" value="sun.lwawt.macosx.CPrinterJob"/>
    <property name="sun.os.patch.level" value="unknown"/>
    <property name="java.library.path" value="/Users/andriishershnov/Library/Java/Extensions:/Library/Java/Extensions:/Network/Library/Java/Extensions:/System/Library/Java/Extensions:/usr/lib/java:."/>
    <property name="java.vm.info" value="mixed mode"/>
    <property name="java.vendor" value="Oracle Corporation"/>
    <property name="java.vm.version" value="25.211-b12"/>
    <property name="java.ext.dirs" value="/Users/andriishershnov/Library/Java/Extensions:/Library/Java/JavaVirtualMachines/jdk1.8.0_211.jdk/Contents/Home/jre/lib/ext:/Library/Java/Extensions:/Network/Library/Java/Extensions:/System/Library/Java/Extensions:/usr/lib/java"/>
    <property name="sun.io.unicode.encoding" value="UnicodeBig"/>
    <property name="java.class.version" value="52.0"/>
    <property name="socksNonProxyHosts" value="local|*.local|169.254/16|*.169.254/16"/>
  </properties>
  <testcase name="extractingIntoObjJsonResponseUsingJacksonTest" classname="RestApiTest" time="7.976"/>
  <testcase name="extractingIntoObjJsonResponseUsingRestAssuredTest" classname="RestApiTest" time="0.531"/>
</testsuite>